[debug] [2023-05-22T21:47:07.046Z] ----------------------------------------------------------------------
[debug] [2023-05-22T21:47:07.048Z] Command:       C:\Program Files\nodejs\node.exe C:\Users\OMSR TORRES\AppData\Roaming\npm\node_modules\firebase-tools\lib\bin\firebase.js init
[debug] [2023-05-22T21:47:07.049Z] CLI Version:   12.1.0
[debug] [2023-05-22T21:47:07.049Z] Platform:      win32
[debug] [2023-05-22T21:47:07.049Z] Node Version:  v18.16.0
[debug] [2023-05-22T21:47:07.050Z] Time:          Mon May 22 2023 15:47:07 GMT-0600 (hora estándar central)
[debug] [2023-05-22T21:47:07.050Z] ----------------------------------------------------------------------
[debug] 
[debug] [2023-05-22T21:47:07.057Z] > command requires scopes: ["email","openid","https://www.googleapis.com/auth/cloudplatformprojects.readonly","https://www.googleapis.com/auth/firebase","https://www.googleapis.com/auth/cloud-platform"]
[debug] [2023-05-22T21:47:07.057Z] > authorizing via signed-in user (k4nbiomedico@gmail.com)
[info] 
     ######## #### ########  ######## ########     ###     ######  ########
     ##        ##  ##     ## ##       ##     ##  ##   ##  ##       ##
     ######    ##  ########  ######   ########  #########  ######  ######
     ##        ##  ##    ##  ##       ##     ## ##     ##       ## ##
     ##       #### ##     ## ######## ########  ##     ##  ######  ########

You're about to initialize a Firebase project in this directory:

  C:\Users\OMSR TORRES\Desktop\cursoReact\react\calc-app

[info] 
=== Project Setup
[info] 
[info] First, let's associate this project directory with a Firebase project.
[info] You can create multiple project aliases by running firebase use --add, 
[info] but for now we'll just set up a default project.
[info] 
[info] i  If you want to create a project in a Google Cloud organization or folder, please use "firebase projects:create" instead, and return to this command when you've created the project. 
[debug] [2023-05-22T21:47:25.493Z] >>> [apiv2][query] POST https://cloudresourcemanager.googleapis.com/v1/projects [none]
[debug] [2023-05-22T21:47:25.494Z] >>> [apiv2][body] POST https://cloudresourcemanager.googleapis.com/v1/projects {"projectId":"calcango","name":"calcango"}
[debug] [2023-05-22T21:47:26.123Z] <<< [apiv2][status] POST https://cloudresourcemanager.googleapis.com/v1/projects 200
[debug] [2023-05-22T21:47:26.123Z] <<< [apiv2][body] POST https://cloudresourcemanager.googleapis.com/v1/projects {"name":"operations/cp.7042330153359171297"}
[debug] [2023-05-22T21:47:26.125Z] >>> [apiv2][query] GET https://cloudresourcemanager.googleapis.com/v1/operations/cp.7042330153359171297 [none]
[debug] [2023-05-22T21:47:26.645Z] <<< [apiv2][status] GET https://cloudresourcemanager.googleapis.com/v1/operations/cp.7042330153359171297 200
[debug] [2023-05-22T21:47:26.646Z] <<< [apiv2][body] GET https://cloudresourcemanager.googleapis.com/v1/operations/cp.7042330153359171297 {"name":"operations/cp.7042330153359171297","metadata":{"@type":"type.googleapis.com/google.cloudresourcemanager.v1.ProjectCreationStatus","ready":true},"done":true,"error":{"code":9,"message":"Callers must accept Terms of Service","details":[{"@type":"type.googleapis.com/google.rpc.PreconditionFailure","violations":[{"type":"TOS","subject":"cloud","description":"Callers must accept Terms of Service"}]}]}}
[debug] [2023-05-22T21:47:26.764Z] FirebaseError: Callers must accept Terms of Service
    at OperationPoller.poll (C:\Users\OMSR TORRES\AppData\Roaming\npm\node_modules\firebase-tools\lib\operation-poller.js:24:19)
    at process.processTicksAndRejections (node:internal/process/task_queues:95:5)
    at async createCloudProject (C:\Users\OMSR TORRES\AppData\Roaming\npm\node_modules\firebase-tools\lib\management\projects.js:186:29)
    at async createFirebaseProjectAndLog (C:\Users\OMSR TORRES\AppData\Roaming\npm\node_modules\firebase-tools\lib\management\projects.js:45:9)
    at async promptAndCreateNewProject (C:\Users\OMSR TORRES\AppData\Roaming\npm\node_modules\firebase-tools\lib\init\features\project.js:32:12)
    at async doSetup (C:\Users\OMSR TORRES\AppData\Roaming\npm\node_modules\firebase-tools\lib\init\features\project.js:88:27)
    at async init (C:\Users\OMSR TORRES\AppData\Roaming\npm\node_modules\firebase-tools\lib\init\index.js:37:9)
[error] 
[error] Error: Failed to create project. See firebase-debug.log for more info.
